app/build/intermediates/manifest_merge_blame_file/release/manifest-merger-blame-release-report.txt
1<?xml version="1.0" encoding="utf-8"?>
2<manifest xmlns:android="http://schemas.android.com/apk/res/android"
3    package="app.dev.shapla.vpn"
4    android:versionCode="100"
5    android:versionName="1.0" >
6
7    <uses-sdk
8        android:minSdkVersion="21"
8-->src\main\AndroidManifest.xml
9        android:targetSdkVersion="31" />
9-->src\main\AndroidManifest.xml
10
11    <uses-permission android:name="android.permission.INTERNET" />
11-->src\main\AndroidManifest.xml:6:5-67
11-->src\main\AndroidManifest.xml:6:22-64
12    <uses-permission android:name="android.permission.ACCESS_NETWORK_STATE" />
12-->src\main\AndroidManifest.xml:7:5-79
12-->src\main\AndroidManifest.xml:7:22-76
13    <uses-permission android:name="android.permission.USE_CREDENTIALS" />
13-->src\main\AndroidManifest.xml:8:5-74
13-->src\main\AndroidManifest.xml:8:22-71
14    <uses-permission android:name="android.permission.READ_EXTERNAL_STORAGE" />
14-->src\main\AndroidManifest.xml:9:5-80
14-->src\main\AndroidManifest.xml:9:22-77
15    <uses-permission android:name="android.permission.WRITE_EXTERNAL_STORAGE" />
15-->src\main\AndroidManifest.xml:10:5-81
15-->src\main\AndroidManifest.xml:10:22-78
16    <uses-permission android:name="android.permission.KILL_BACKGROUND_PROCESSES" />
16-->src\main\AndroidManifest.xml:11:5-84
16-->src\main\AndroidManifest.xml:11:22-81
17    <uses-permission android:name="android.permission.RECEIVE_BOOT_COMPLETED" />
17-->src\main\AndroidManifest.xml:12:5-81
17-->src\main\AndroidManifest.xml:12:22-78
18    <uses-permission android:name="android.permission.WAKE_LOCK" />
18-->src\main\AndroidManifest.xml:13:5-68
18-->src\main\AndroidManifest.xml:13:22-65
19    <uses-permission android:name="com.android.launcher.permission.INSTALL_SHORTCUT" />
19-->src\main\AndroidManifest.xml:14:5-88
19-->src\main\AndroidManifest.xml:14:22-85
20    <uses-permission android:name="android.permission.FOREGROUND_SERVICE" />
20-->src\main\AndroidManifest.xml:15:5-77
20-->src\main\AndroidManifest.xml:15:22-74
21
22    <application
22-->src\main\AndroidManifest.xml:16:5-81:19
23        android:name="renz.javacodez.vpn.activities.OpenVPNApplication"
23-->src\main\AndroidManifest.xml:20:9-72
24        android:allowBackup="false"
24-->src\main\AndroidManifest.xml:17:9-36
25        android:appComponentFactory="androidx.core.app.CoreComponentFactory"
25-->[androidx.core:core:1.7.0] AndroidManifest.xml:24:18-86
26        android:icon="@drawable/ic_app_icon"
26-->src\main\AndroidManifest.xml:18:9-45
27        android:label="SHAPLA FAST NET"
27-->src\main\AndroidManifest.xml:19:9-40
28        android:requestLegacyExternalStorage="true"
28-->src\main\AndroidManifest.xml:22:9-52
29        android:theme="@style/AppTheme"
29-->src\main\AndroidManifest.xml:23:9-40
30        android:usesCleartextTraffic="true" >
30-->src\main\AndroidManifest.xml:21:9-44
31        <uses-library
31-->src\main\AndroidManifest.xml:24:9-26:40
32            android:name="org.apache.http.legacy"
32-->src\main\AndroidManifest.xml:25:13-50
33            android:required="false" />
33-->src\main\AndroidManifest.xml:26:13-37
34
35        <service
35-->src\main\AndroidManifest.xml:27:9-33:19
36            android:name="renz.javacodez.vpn.service.OpenVPNService"
36-->src\main\AndroidManifest.xml:27:18-74
37            android:exported="true"
37-->src\main\AndroidManifest.xml:29:13-36
38            android:permission="android.permission.BIND_VPN_SERVICE" >
38-->src\main\AndroidManifest.xml:28:13-69
39            <intent-filter>
39-->src\main\AndroidManifest.xml:30:13-32:29
40                <action android:name="android.net.VpnService" />
40-->src\main\AndroidManifest.xml:31:17-65
40-->src\main\AndroidManifest.xml:31:25-62
41            </intent-filter>
42        </service>
43        <service
43-->src\main\AndroidManifest.xml:34:9-36:38
44            android:name="renz.javacodez.vpn.service.InjectorService"
44-->src\main\AndroidManifest.xml:35:13-70
45            android:exported="true" />
45-->src\main\AndroidManifest.xml:36:13-36
46
47        <activity
47-->src\main\AndroidManifest.xml:37:9-46:20
48            android:name="renz.javacodez.vpn.activities.OpenVPNClient"
48-->src\main\AndroidManifest.xml:39:13-71
49            android:exported="true"
49-->src\main\AndroidManifest.xml:41:13-36
50            android:theme="@style/AppTheme.NoActionBar"
50-->src\main\AndroidManifest.xml:40:13-56
51            android:windowSoftInputMode="stateHidden|adjustPan" >
51-->src\main\AndroidManifest.xml:38:13-64
52            <intent-filter>
52-->src\main\AndroidManifest.xml:42:13-45:29
53                <action android:name="android.intent.action.MAIN" />
53-->src\main\AndroidManifest.xml:43:17-69
53-->src\main\AndroidManifest.xml:43:25-66
54
55                <category android:name="android.intent.category.LAUNCHER" />
55-->src\main\AndroidManifest.xml:44:17-77
55-->src\main\AndroidManifest.xml:44:27-74
56            </intent-filter>
57        </activity>
58        <activity
58-->src\main\AndroidManifest.xml:48:3-52:38
59            android:name="renz.javacodez.vpn.activities.SelectNetworkActivity"
59-->src\main\AndroidManifest.xml:50:13-79
60            android:exported="true"
60-->src\main\AndroidManifest.xml:52:13-36
61            android:theme="@style/AppTheme.NoActionBar"
61-->src\main\AndroidManifest.xml:51:13-56
62            android:windowSoftInputMode="stateHidden|adjustPan" />
62-->src\main\AndroidManifest.xml:49:13-64
63
64        <receiver
64-->src\main\AndroidManifest.xml:53:9-58:20
65            android:name="net.openvpn.openvpn.OpenVPNRebootReceiver"
65-->src\main\AndroidManifest.xml:53:19-75
66            android:exported="true" >
66-->src\main\AndroidManifest.xml:54:13-36
67            <intent-filter>
67-->src\main\AndroidManifest.xml:55:13-57:29
68                <action android:name="android.intent.action.BOOT_COMPLETED" />
68-->src\main\AndroidManifest.xml:56:17-79
68-->src\main\AndroidManifest.xml:56:25-76
69            </intent-filter>
70        </receiver>
71
72        <activity
72-->src\main\AndroidManifest.xml:60:9-61:38
73            android:name="renz.javacodez.vpn.activities.OpenVPNPrefs"
73-->src\main\AndroidManifest.xml:60:19-76
74            android:exported="true" />
74-->src\main\AndroidManifest.xml:61:13-36
75        <activity
75-->src\main\AndroidManifest.xml:62:9-100
76            android:name="renz.javacodez.vpn.activities.FileDialog"
76-->src\main\AndroidManifest.xml:62:19-74
77            android:exported="true" />
77-->src\main\AndroidManifest.xml:62:75-98
78        <activity
78-->src\main\AndroidManifest.xml:63:9-102
79            android:name="renz.javacodez.vpn.activities.OpenVPNAbout"
79-->src\main\AndroidManifest.xml:63:19-76
80            android:exported="true" />
80-->src\main\AndroidManifest.xml:63:77-100
81        <activity
81-->src\main\AndroidManifest.xml:64:9-66:62
82            android:name="renz.javacodez.vpn.activities.OpenVPNDisconnect"
82-->src\main\AndroidManifest.xml:65:13-75
83            android:exported="true"
83-->src\main\AndroidManifest.xml:64:19-42
84            android:theme="@android:style/Theme.NoDisplay" />
84-->src\main\AndroidManifest.xml:66:13-59
85        <activity
85-->src\main\AndroidManifest.xml:67:9-71:38
86            android:name="renz.javacodez.vpn.activities.LogActivity"
86-->src\main\AndroidManifest.xml:68:13-69
87            android:exported="true"
87-->src\main\AndroidManifest.xml:71:13-36
88            android:label="Logs"
88-->src\main\AndroidManifest.xml:69:13-33
89            android:parentActivityName="renz.javacodez.vpn.activities.OpenVPNClient" />
89-->src\main\AndroidManifest.xml:70:13-85
90        <activity
90-->src\main\AndroidManifest.xml:72:13-75:42
91            android:name="renz.javacodez.vpn.activities.ExceptionActivity"
91-->src\main\AndroidManifest.xml:73:17-79
92            android:exported="true"
92-->src\main\AndroidManifest.xml:75:17-40
93            android:label="Application Error" />
93-->src\main\AndroidManifest.xml:74:17-50
94        <activity
94-->src\main\AndroidManifest.xml:76:9-80:38
95            android:name="renz.javacodez.vpn.activities.ResellerPanelActivity"
95-->src\main\AndroidManifest.xml:77:13-79
96            android:exported="true"
96-->src\main\AndroidManifest.xml:80:13-36
97            android:label="Panel"
97-->src\main\AndroidManifest.xml:78:13-34
98            android:parentActivityName="renz.javacodez.vpn.activities.OpenVPNClient" />
98-->src\main\AndroidManifest.xml:79:13-85
99
100        <provider
100-->[androidx.emoji2:emoji2:1.0.0] AndroidManifest.xml:26:9-34:20
101            android:name="androidx.startup.InitializationProvider"
101-->[androidx.emoji2:emoji2:1.0.0] AndroidManifest.xml:27:13-67
102            android:authorities="app.dev.shapla.vpn.androidx-startup"
102-->[androidx.emoji2:emoji2:1.0.0] AndroidManifest.xml:28:13-68
103            android:exported="false" >
103-->[androidx.emoji2:emoji2:1.0.0] AndroidManifest.xml:29:13-37
104            <meta-data
104-->[androidx.emoji2:emoji2:1.0.0] AndroidManifest.xml:31:13-33:52
105                android:name="androidx.emoji2.text.EmojiCompatInitializer"
105-->[androidx.emoji2:emoji2:1.0.0] AndroidManifest.xml:32:17-75
106                android:value="androidx.startup" />
106-->[androidx.emoji2:emoji2:1.0.0] AndroidManifest.xml:33:17-49
107            <meta-data
107-->[androidx.lifecycle:lifecycle-process:2.4.0] AndroidManifest.xml:31:13-33:52
108                android:name="androidx.lifecycle.ProcessLifecycleInitializer"
108-->[androidx.lifecycle:lifecycle-process:2.4.0] AndroidManifest.xml:32:17-78
109                android:value="androidx.startup" />
109-->[androidx.lifecycle:lifecycle-process:2.4.0] AndroidManifest.xml:33:17-49
110        </provider>
111    </application>
112
113</manifest>